<?xml version="1.0" encoding="UTF-8"?>
<testng-results total="4" passed="4" failed="0" skipped="0">
  <reporter-output>
  </reporter-output>
  <suite started-at="2024-08-27T13:28:57Z" name="Test Suite for Buildout" finished-at="2024-08-27T13:29:49Z" duration-ms="52165">
    <groups>
    </groups>
    <test started-at="2024-08-27T13:28:57Z" name="Test Cases for Buildout" finished-at="2024-08-27T13:29:49Z" duration-ms="52165">
      <class name="demo.TestCases">
        <test-method is-config="true" signature="startBrowser()[pri:0, instance:demo.TestCases@5b529706]" started-at="2024-08-27T18:58:57Z" name="startBrowser" finished-at="2024-08-27T18:59:00Z" duration-ms="3027" status="PASS">
          <reporter-output>
          </reporter-output>
        </test-method> <!-- startBrowser -->
        <test-method signature="testCase01()[pri:0, instance:demo.TestCases@5b529706]" started-at="2024-08-27T18:59:00Z" name="testCase01" finished-at="2024-08-27T18:59:07Z" duration-ms="7172" status="PASS">
          <reporter-output>
          </reporter-output>
        </test-method> <!-- testCase01 -->
        <test-method signature="testCase02()[pri:0, instance:demo.TestCases@5b529706]" started-at="2024-08-27T18:59:07Z" name="testCase02" finished-at="2024-08-27T18:59:22Z" duration-ms="14525" status="PASS">
          <reporter-output>
          </reporter-output>
        </test-method> <!-- testCase02 -->
        <test-method signature="testCase03()[pri:0, instance:demo.TestCases@5b529706]" started-at="2024-08-27T18:59:22Z" name="testCase03" finished-at="2024-08-27T18:59:28Z" duration-ms="6339" status="PASS">
          <reporter-output>
          </reporter-output>
        </test-method> <!-- testCase03 -->
        <test-method signature="testCase04()[pri:0, instance:demo.TestCases@5b529706]" started-at="2024-08-27T18:59:28Z" name="testCase04" finished-at="2024-08-27T18:59:48Z" duration-ms="19739" status="PASS">
          <reporter-output>
          </reporter-output>
        </test-method> <!-- testCase04 -->
        <test-method is-config="true" signature="closeBrowser()[pri:0, instance:demo.TestCases@5b529706]" started-at="2024-08-27T18:59:48Z" name="closeBrowser" finished-at="2024-08-27T18:59:49Z" duration-ms="1330" status="PASS">
          <reporter-output>
          </reporter-output>
        </test-method> <!-- closeBrowser -->
      </class> <!-- demo.TestCases -->
    </test> <!-- Test Cases for Buildout -->
  </suite> <!-- Test Suite for Buildout -->
</testng-results>
